{"/Users/anandsingh/Documents/weather-app-reactrdx/src/views/welcome.js": {"path":"/Users/anandsingh/Documents/weather-app-reactrdx/src/views/welcome.js","statementMap":{"0":{"start":{"line":4,"column":2},"end":{"line":4,"column":44}}},"fnMap":{"0":{"name":"(anonymous_0)","decl":{"start":{"line":3,"column":15},"end":{"line":3,"column":16}},"loc":{"start":{"line":3,"column":26},"end":{"line":5,"column":1}},"line":3}},"branchMap":{},"s":{"0":1},"f":{"0":1},"b":{},"_coverageSchema":"332fd63041d2c1bcb487cc26dd0d5f7d97098a6c","hash":"f8546efc9ec52484b2df05dc7fd5fbcf065cb7d1"}
}
