{"/Users/anandsingh/Documents/weather-app-reactrdx/src/actions/index.js": {"path":"/Users/anandsingh/Documents/weather-app-reactrdx/src/actions/index.js","statementMap":{"0":{"start":{"line":3,"column":16},"end":{"line":3,"column":50}},"1":{"start":{"line":4,"column":17},"end":{"line":4,"column":84}},"2":{"start":{"line":6,"column":29},"end":{"line":6,"column":44}},"3":{"start":{"line":9,"column":14},"end":{"line":9,"column":40}},"4":{"start":{"line":10,"column":18},"end":{"line":10,"column":32}},"5":{"start":{"line":12,"column":2},"end":{"line":15,"column":4}}},"fnMap":{"0":{"name":"fetchWeather","decl":{"start":{"line":8,"column":16},"end":{"line":8,"column":28}},"loc":{"start":{"line":8,"column":35},"end":{"line":16,"column":1}},"line":8}},"branchMap":{},"s":{"0":1,"1":1,"2":1,"3":1,"4":1,"5":1},"f":{"0":1},"b":{},"_coverageSchema":"332fd63041d2c1bcb487cc26dd0d5f7d97098a6c","hash":"590c0ea6fed4b13a983cd53179310e42d041b37c"}
,"/Users/anandsingh/Documents/weather-app-reactrdx/src/components/chart.js": {"path":"/Users/anandsingh/Documents/weather-app-reactrdx/src/components/chart.js","statementMap":{"0":{"start":{"line":5,"column":22},"end":{"line":30,"column":1}},"1":{"start":{"line":6,"column":2},"end":{"line":28,"column":3}},"2":{"start":{"line":7,"column":4},"end":{"line":18,"column":6}},"3":{"start":{"line":20,"column":4},"end":{"line":27,"column":6}},"4":{"start":{"line":34,"column":18},"end":{"line":34,"column":43}},"5":{"start":{"line":36,"column":2},"end":{"line":48,"column":4}}},"fnMap":{"0":{"name":"(anonymous_0)","decl":{"start":{"line":5,"column":22},"end":{"line":5,"column":23}},"loc":{"start":{"line":5,"column":32},"end":{"line":30,"column":1}},"line":5},"1":{"name":"(anonymous_1)","decl":{"start":{"line":33,"column":15},"end":{"line":33,"column":16}},"loc":{"start":{"line":33,"column":26},"end":{"line":49,"column":1}},"line":33}},"branchMap":{"0":{"loc":{"start":{"line":6,"column":2},"end":{"line":28,"column":3}},"type":"if","locations":[{"start":{"line":6,"column":2},"end":{"line":28,"column":3}},{"start":{"line":6,"column":2},"end":{"line":28,"column":3}}],"line":6}},"s":{"0":2,"1":2,"2":0,"3":2,"4":2,"5":2},"f":{"0":2,"1":2},"b":{"0":[0,2]},"_coverageSchema":"332fd63041d2c1bcb487cc26dd0d5f7d97098a6c","hash":"88e9587b798832cf8f4e97f5c288a508932c2342"}
,"/Users/anandsingh/Documents/weather-app-reactrdx/src/views/welcome.js": {"path":"/Users/anandsingh/Documents/weather-app-reactrdx/src/views/welcome.js","statementMap":{"0":{"start":{"line":4,"column":2},"end":{"line":4,"column":44}}},"fnMap":{"0":{"name":"(anonymous_0)","decl":{"start":{"line":3,"column":15},"end":{"line":3,"column":16}},"loc":{"start":{"line":3,"column":26},"end":{"line":5,"column":1}},"line":3}},"branchMap":{},"s":{"0":1},"f":{"0":1},"b":{},"_coverageSchema":"332fd63041d2c1bcb487cc26dd0d5f7d97098a6c","hash":"f8546efc9ec52484b2df05dc7fd5fbcf065cb7d1"}
}
