TN:
SF:/Users/anandsingh/Documents/weather-app-reactrdx/src/actions/index.js
FN:8,fetchWeather
FNF:1
FNH:1
FNDA:1,fetchWeather
DA:3,1
DA:4,1
DA:6,1
DA:9,1
DA:10,1
DA:12,1
LF:6
LH:6
BRF:0
BRH:0
end_of_record
TN:
SF:/Users/anandsingh/Documents/weather-app-reactrdx/src/components/chart.js
FN:5,(anonymous_0)
FN:33,(anonymous_1)
FNF:2
FNH:2
FNDA:2,(anonymous_0)
FNDA:2,(anonymous_1)
DA:5,2
DA:6,2
DA:7,0
DA:20,2
DA:34,2
DA:36,2
LF:6
LH:5
BRDA:6,0,0,0
BRDA:6,0,1,2
BRF:2
BRH:1
end_of_record
TN:
SF:/Users/anandsingh/Documents/weather-app-reactrdx/src/views/welcome.js
FN:3,(anonymous_0)
FNF:1
FNH:1
FNDA:1,(anonymous_0)
DA:4,1
LF:1
LH:1
BRF:0
BRH:0
end_of_record
